<?xml version="1.0" encoding="UTF-8"?>
<testsuite name="calculator.CalculatorTest" tests="1" skipped="0" failures="0" errors="0" timestamp="2017-06-17T22:56:03" hostname="Sujits-MacBook-Pro.local" time="0.004">
  <properties/>
  <testcase name="add" classname="calculator.CalculatorTest" time="0.004"/>
  <system-out><![CDATA[Value is:110,20
Sum is:130
]]></system-out>
  <system-err><![CDATA[]]></system-err>
</testsuite>
